

Processing EventController#list (for 127.0.0.1 at 2008-12-11 20:06:14) [GET]
  Session ID: BAh7CCIJdXNlcm86CVVzZXIMOhZAYXR0cmlidXRlc19jYWNoZXsAOghAdHp1
OhlUWkluZm86OkRhdGFUaW1lem9uZRJFdXJvcGUvQmVybGluOhBAYXR0cmli
dXRlc3sRIgluYW1lIg5LYXJzdMOkZHQiD2xhc3RfbG9naW5JdToJVGltZQ1w
LRuAqYy2SgY6H0BtYXJzaGFsX3dpdGhfdXRjX2NvZXJjaW9uVCIRZGF0ZV9j
cmVhdGVkIhgyMDA3LTA0LTAzIDE4OjE5OjIxIgh1cmwiG2h0dHA6Ly93d3cu
d2VibWF0emUuZGUiB2lkIgY0Ig5maXJzdG5hbWUiDE1hdGhpYXMiFW51bWJl
cl9vZl9sb2dpbnNpQSIOdGltZV96b25lIhJFdXJvcGUvQmVybGluIgpsb2dp
biINd2VibWF0emUiDXBhc3N3b3JkIi0zMzVkZGVmZjRmYmNlYWZkNDNkODVj
ZWUyOTZmNDEyMGE2YzA5M2Y4Ig9hdmF0YXJfdXJsMCIKZW1haWwiIG1hdGhp
YXMua2Fyc3RhZWR0QGdtYWlsLmNvbToYQGNoYW5nZWRfYXR0cmlidXRlc3sH
Ig9sYXN0X2xvZ2luSXU7Cg0qIhuAAABgwgY7C1QiFW51bWJlcl9vZl9sb2dp
bnNpQDoPQGF0dGVuZGVlczA6FUBhdHRlbmRlZF9ldmVudHMwOgxAZXZlbnRz
MCIOcmV0dXJuLXRvIgwvZXZlbnRzIgpmbGFzaElDOidBY3Rpb25Db250cm9s
bGVyOjpGbGFzaDo6Rmxhc2hIYXNoewAGOgpAdXNlZHsA--f047e7dbe088e2e27d04157852b49ae54a870a4a
  Parameters: {"place"=>"world", "category"=>"all", "action"=>"list", "type"=>"upcoming", "controller"=>"event", "range"=>"all", "page"=>"1", "menu"=>"events"}
Rendering template within layouts/eventicus
Rendering event/list
Completed in 0.34172 (2 reqs/sec) | Rendering: 0.15844 (46%) | DB: 0.16127 (47%) | 200 OK [http://localhost/events]


Processing EventController#list (for 127.0.0.1 at 2008-12-11 20:06:15) [GET]
  Session ID: BAh7CCIJdXNlcm86CVVzZXIMOhZAYXR0cmlidXRlc19jYWNoZXsAOhBAYXR0
cmlidXRlc3sRIg9sYXN0X2xvZ2luSXU6CVRpbWUNcC0bgKmMtkoGOh9AbWFy
c2hhbF93aXRoX3V0Y19jb2VyY2lvblQiCW5hbWUiDkthcnN0w6RkdCIRZGF0
ZV9jcmVhdGVkIhgyMDA3LTA0LTAzIDE4OjE5OjIxIgh1cmwiG2h0dHA6Ly93
d3cud2VibWF0emUuZGUiDmZpcnN0bmFtZSIMTWF0aGlhcyIHaWQiBjQiFW51
bWJlcl9vZl9sb2dpbnNpQSIOdGltZV96b25lIhJFdXJvcGUvQmVybGluIg9h
dmF0YXJfdXJsMCINcGFzc3dvcmQiLTMzNWRkZWZmNGZiY2VhZmQ0M2Q4NWNl
ZTI5NmY0MTIwYTZjMDkzZjgiCmxvZ2luIg13ZWJtYXR6ZSIKZW1haWwiIG1h
dGhpYXMua2Fyc3RhZWR0QGdtYWlsLmNvbToYQGNoYW5nZWRfYXR0cmlidXRl
c3sHIg9sYXN0X2xvZ2luSXU7CA0qIhuAAABgwgY7CVQiFW51bWJlcl9vZl9s
b2dpbnNpQDoVQGF0dGVuZGVkX2V2ZW50czA6DEBldmVudHMwOg9AYXR0ZW5k
ZWVzMDoIQHR6dToZVFpJbmZvOjpEYXRhVGltZXpvbmUSRXVyb3BlL0Jlcmxp
biIOcmV0dXJuLXRvIgwvZXZlbnRzIgpmbGFzaElDOidBY3Rpb25Db250cm9s
bGVyOjpGbGFzaDo6Rmxhc2hIYXNoewAGOgpAdXNlZHsA--d4f34cb92a4f47d19b1f9e833d48c8d26e0d02a1
  Parameters: {"place"=>"world", "category"=>"all", "action"=>"list", "type"=>"upcoming", "controller"=>"event", "range"=>"all", "page"=>"1", "menu"=>"events"}
Rendering template within layouts/eventicus
Rendering event/list
Completed in 0.09194 (10 reqs/sec) | Rendering: 0.05181 (56%) | DB: 0.02111 (22%) | 200 OK [http://localhost/events]


Processing EventController#show (for 127.0.0.1 at 2008-12-11 20:06:20) [GET]
  Session ID: BAh7CCIJdXNlcm86CVVzZXIMOhZAYXR0cmlidXRlc19jYWNoZXsAOhBAYXR0
cmlidXRlc3sRIgluYW1lIg5LYXJzdMOkZHQiD2xhc3RfbG9naW5JdToJVGlt
ZQ1wLRuAqYy2SgY6H0BtYXJzaGFsX3dpdGhfdXRjX2NvZXJjaW9uVCIRZGF0
ZV9jcmVhdGVkIhgyMDA3LTA0LTAzIDE4OjE5OjIxIgh1cmwiG2h0dHA6Ly93
d3cud2VibWF0emUuZGUiB2lkIgY0Ig5maXJzdG5hbWUiDE1hdGhpYXMiFW51
bWJlcl9vZl9sb2dpbnNpQSIOdGltZV96b25lIhJFdXJvcGUvQmVybGluIgps
b2dpbiINd2VibWF0emUiDXBhc3N3b3JkIi0zMzVkZGVmZjRmYmNlYWZkNDNk
ODVjZWUyOTZmNDEyMGE2YzA5M2Y4Ig9hdmF0YXJfdXJsMCIKZW1haWwiIG1h
dGhpYXMua2Fyc3RhZWR0QGdtYWlsLmNvbToYQGNoYW5nZWRfYXR0cmlidXRl
c3sHIg9sYXN0X2xvZ2luSXU7CA0qIhuAAABgwgY7CVQiFW51bWJlcl9vZl9s
b2dpbnNpQDoVQGF0dGVuZGVkX2V2ZW50czA6D0BhdHRlbmRlZXMwOgxAZXZl
bnRzMDoIQHR6dToZVFpJbmZvOjpEYXRhVGltZXpvbmUSRXVyb3BlL0Jlcmxp
biIOcmV0dXJuLXRvIgwvZXZlbnRzIgpmbGFzaElDOidBY3Rpb25Db250cm9s
bGVyOjpGbGFzaDo6Rmxhc2hIYXNoewAGOgpAdXNlZHsA--a8702be0523dd1054d97e6d101f39fc6a2198fb1
  Parameters: {"action"=>"show", "id"=>"387", "controller"=>"event", "menu"=>"events"}
Rendering template within layouts/eventicus
Rendering event/show
Completed in 0.18255 (5 reqs/sec) | Rendering: 0.05161 (28%) | DB: 0.02651 (14%) | 200 OK [http://localhost/event/387]


Processing EventController#show (for 127.0.0.1 at 2008-12-11 20:06:21) [GET]
  Session ID: BAh7CCIJdXNlcm86CVVzZXIMOhZAYXR0cmlidXRlc19jYWNoZXsAOhBAYXR0
cmlidXRlc3sRIg9sYXN0X2xvZ2luSXU6CVRpbWUNcC0bgKmMtkoGOh9AbWFy
c2hhbF93aXRoX3V0Y19jb2VyY2lvblQiCW5hbWUiDkthcnN0w6RkdCIRZGF0
ZV9jcmVhdGVkIhgyMDA3LTA0LTAzIDE4OjE5OjIxIgh1cmwiG2h0dHA6Ly93
d3cud2VibWF0emUuZGUiDmZpcnN0bmFtZSIMTWF0aGlhcyIHaWQiBjQiFW51
bWJlcl9vZl9sb2dpbnNpQSIOdGltZV96b25lIhJFdXJvcGUvQmVybGluIg9h
dmF0YXJfdXJsMCINcGFzc3dvcmQiLTMzNWRkZWZmNGZiY2VhZmQ0M2Q4NWNl
ZTI5NmY0MTIwYTZjMDkzZjgiCmxvZ2luIg13ZWJtYXR6ZSIKZW1haWwiIG1h
dGhpYXMua2Fyc3RhZWR0QGdtYWlsLmNvbToYQGNoYW5nZWRfYXR0cmlidXRl
c3sHIg9sYXN0X2xvZ2luSXU7CA0qIhuAAABgwgY7CVQiFW51bWJlcl9vZl9s
b2dpbnNpQDoVQGF0dGVuZGVkX2V2ZW50czA6DEBldmVudHMwOg9AYXR0ZW5k
ZWVzMDoIQHR6dToZVFpJbmZvOjpEYXRhVGltZXpvbmUSRXVyb3BlL0Jlcmxp
biIOcmV0dXJuLXRvIg8vZXZlbnQvMzg3IgpmbGFzaElDOidBY3Rpb25Db250
cm9sbGVyOjpGbGFzaDo6Rmxhc2hIYXNoewAGOgpAdXNlZHsA--9e48534cc4ec007412971d65944114801d600d18
  Parameters: {"action"=>"show", "id"=>"387", "controller"=>"event", "menu"=>"events"}
Rendering template within layouts/eventicus
Rendering event/show
Completed in 0.09753 (10 reqs/sec) | Rendering: 0.03482 (35%) | DB: 0.02388 (24%) | 200 OK [http://localhost/event/387]


Processing EventController#list (for 127.0.0.1 at 2008-12-12 09:16:05) [GET]
  Session ID: BAh7CCIJdXNlcm86CVVzZXIMOhZAYXR0cmlidXRlc19jYWNoZXsAOhBAYXR0
cmlidXRlc3sRIgluYW1lIg5LYXJzdMOkZHQiD2xhc3RfbG9naW5JdToJVGlt
ZQ1wLRuAqYy2SgY6H0BtYXJzaGFsX3dpdGhfdXRjX2NvZXJjaW9uVCIRZGF0
ZV9jcmVhdGVkIhgyMDA3LTA0LTAzIDE4OjE5OjIxIgh1cmwiG2h0dHA6Ly93
d3cud2VibWF0emUuZGUiB2lkIgY0Ig5maXJzdG5hbWUiDE1hdGhpYXMiFW51
bWJlcl9vZl9sb2dpbnNpQSIOdGltZV96b25lIhJFdXJvcGUvQmVybGluIgps
b2dpbiINd2VibWF0emUiDXBhc3N3b3JkIi0zMzVkZGVmZjRmYmNlYWZkNDNk
ODVjZWUyOTZmNDEyMGE2YzA5M2Y4Ig9hdmF0YXJfdXJsMCIKZW1haWwiIG1h
dGhpYXMua2Fyc3RhZWR0QGdtYWlsLmNvbToYQGNoYW5nZWRfYXR0cmlidXRl
c3sHIg9sYXN0X2xvZ2luSXU7CA0qIhuAAABgwgY7CVQiFW51bWJlcl9vZl9s
b2dpbnNpQDoVQGF0dGVuZGVkX2V2ZW50czA6D0BhdHRlbmRlZXMwOgxAZXZl
bnRzMDoIQHR6dToZVFpJbmZvOjpEYXRhVGltZXpvbmUSRXVyb3BlL0Jlcmxp
biIOcmV0dXJuLXRvIg8vZXZlbnQvMzg3IgpmbGFzaElDOidBY3Rpb25Db250
cm9sbGVyOjpGbGFzaDo6Rmxhc2hIYXNoewAGOgpAdXNlZHsA--3e840b8f567ade7f30d241c4aea81a61c4d72b9d
  Parameters: {"place"=>"world", "category"=>"all", "action"=>"list", "type"=>"upcoming", "controller"=>"event", "range"=>"all", "page"=>"1", "menu"=>"events"}
Rendering template within layouts/eventicus
Rendering event/list
Completed in 0.10249 (9 reqs/sec) | Rendering: 0.06107 (59%) | DB: 0.02338 (22%) | 200 OK [http://localhost/events]


Processing EventController#list (for 127.0.0.1 at 2008-12-12 09:16:06) [GET]
  Session ID: BAh7CCIJdXNlcm86CVVzZXIMOhZAYXR0cmlidXRlc19jYWNoZXsAOhBAYXR0
cmlidXRlc3sRIg9sYXN0X2xvZ2luSXU6CVRpbWUNcC0bgKmMtkoGOh9AbWFy
c2hhbF93aXRoX3V0Y19jb2VyY2lvblQiCW5hbWUiDkthcnN0w6RkdCIRZGF0
ZV9jcmVhdGVkIhgyMDA3LTA0LTAzIDE4OjE5OjIxIgh1cmwiG2h0dHA6Ly93
d3cud2VibWF0emUuZGUiDmZpcnN0bmFtZSIMTWF0aGlhcyIHaWQiBjQiFW51
bWJlcl9vZl9sb2dpbnNpQSIOdGltZV96b25lIhJFdXJvcGUvQmVybGluIg9h
dmF0YXJfdXJsMCINcGFzc3dvcmQiLTMzNWRkZWZmNGZiY2VhZmQ0M2Q4NWNl
ZTI5NmY0MTIwYTZjMDkzZjgiCmxvZ2luIg13ZWJtYXR6ZSIKZW1haWwiIG1h
dGhpYXMua2Fyc3RhZWR0QGdtYWlsLmNvbToYQGNoYW5nZWRfYXR0cmlidXRl
c3sHIg9sYXN0X2xvZ2luSXU7CA0qIhuAAABgwgY7CVQiFW51bWJlcl9vZl9s
b2dpbnNpQDoVQGF0dGVuZGVkX2V2ZW50czA6DEBldmVudHMwOg9AYXR0ZW5k
ZWVzMDoIQHR6dToZVFpJbmZvOjpEYXRhVGltZXpvbmUSRXVyb3BlL0Jlcmxp
biIOcmV0dXJuLXRvIgwvZXZlbnRzIgpmbGFzaElDOidBY3Rpb25Db250cm9s
bGVyOjpGbGFzaDo6Rmxhc2hIYXNoewAGOgpAdXNlZHsA--d4f34cb92a4f47d19b1f9e833d48c8d26e0d02a1
  Parameters: {"place"=>"world", "category"=>"all", "action"=>"list", "type"=>"upcoming", "controller"=>"event", "range"=>"all", "page"=>"1", "menu"=>"events"}
Rendering template within layouts/eventicus
Rendering event/list
Completed in 0.15851 (6 reqs/sec) | Rendering: 0.11558 (72%) | DB: 0.02311 (14%) | 200 OK [http://localhost/events]


Processing EventController#list (for 127.0.0.1 at 2008-12-12 09:16:31) [GET]
  Session ID: BAh7CCIJdXNlcm86CVVzZXIMOhZAYXR0cmlidXRlc19jYWNoZXsAOhBAYXR0
cmlidXRlc3sRIgluYW1lIg5LYXJzdMOkZHQiD2xhc3RfbG9naW5JdToJVGlt
ZQ1wLRuAqYy2SgY6H0BtYXJzaGFsX3dpdGhfdXRjX2NvZXJjaW9uVCIRZGF0
ZV9jcmVhdGVkIhgyMDA3LTA0LTAzIDE4OjE5OjIxIgh1cmwiG2h0dHA6Ly93
d3cud2VibWF0emUuZGUiB2lkIgY0Ig5maXJzdG5hbWUiDE1hdGhpYXMiFW51
bWJlcl9vZl9sb2dpbnNpQSIOdGltZV96b25lIhJFdXJvcGUvQmVybGluIgps
b2dpbiINd2VibWF0emUiDXBhc3N3b3JkIi0zMzVkZGVmZjRmYmNlYWZkNDNk
ODVjZWUyOTZmNDEyMGE2YzA5M2Y4Ig9hdmF0YXJfdXJsMCIKZW1haWwiIG1h
dGhpYXMua2Fyc3RhZWR0QGdtYWlsLmNvbToYQGNoYW5nZWRfYXR0cmlidXRl
c3sHIg9sYXN0X2xvZ2luSXU7CA0qIhuAAABgwgY7CVQiFW51bWJlcl9vZl9s
b2dpbnNpQDoVQGF0dGVuZGVkX2V2ZW50czA6D0BhdHRlbmRlZXMwOgxAZXZl
bnRzMDoIQHR6dToZVFpJbmZvOjpEYXRhVGltZXpvbmUSRXVyb3BlL0Jlcmxp
biIOcmV0dXJuLXRvIgwvZXZlbnRzIgpmbGFzaElDOidBY3Rpb25Db250cm9s
bGVyOjpGbGFzaDo6Rmxhc2hIYXNoewAGOgpAdXNlZHsA--a8702be0523dd1054d97e6d101f39fc6a2198fb1
  Parameters: {"place"=>"world", "category"=>"all", "action"=>"list", "type"=>"popular", "controller"=>"event", "range"=>"all", "page"=>"1", "menu"=>"events"}
Rendering template within layouts/eventicus
Rendering event/list
Completed in 0.11576 (8 reqs/sec) | Rendering: 0.06607 (57%) | DB: 0.02811 (24%) | 200 OK [http://localhost/events/world/popular]


Processing EventController#list (for 127.0.0.1 at 2008-12-12 09:16:32) [GET]
  Session ID: BAh7CCIJdXNlcm86CVVzZXIMOhZAYXR0cmlidXRlc19jYWNoZXsAOhBAYXR0
cmlidXRlc3sRIg9sYXN0X2xvZ2luSXU6CVRpbWUNcC0bgKmMtkoGOh9AbWFy
c2hhbF93aXRoX3V0Y19jb2VyY2lvblQiCW5hbWUiDkthcnN0w6RkdCIRZGF0
ZV9jcmVhdGVkIhgyMDA3LTA0LTAzIDE4OjE5OjIxIgh1cmwiG2h0dHA6Ly93
d3cud2VibWF0emUuZGUiDmZpcnN0bmFtZSIMTWF0aGlhcyIHaWQiBjQiFW51
bWJlcl9vZl9sb2dpbnNpQSIOdGltZV96b25lIhJFdXJvcGUvQmVybGluIg9h
dmF0YXJfdXJsMCINcGFzc3dvcmQiLTMzNWRkZWZmNGZiY2VhZmQ0M2Q4NWNl
ZTI5NmY0MTIwYTZjMDkzZjgiCmxvZ2luIg13ZWJtYXR6ZSIKZW1haWwiIG1h
dGhpYXMua2Fyc3RhZWR0QGdtYWlsLmNvbToYQGNoYW5nZWRfYXR0cmlidXRl
c3sHIg9sYXN0X2xvZ2luSXU7CA0qIhuAAABgwgY7CVQiFW51bWJlcl9vZl9s
b2dpbnNpQDoVQGF0dGVuZGVkX2V2ZW50czA6DEBldmVudHMwOg9AYXR0ZW5k
ZWVzMDoIQHR6dToZVFpJbmZvOjpEYXRhVGltZXpvbmUSRXVyb3BlL0Jlcmxp
biIOcmV0dXJuLXRvIhovZXZlbnRzL3dvcmxkL3BvcHVsYXIiCmZsYXNoSUM6
J0FjdGlvbkNvbnRyb2xsZXI6OkZsYXNoOjpGbGFzaEhhc2h7AAY6CkB1c2Vk
ewA=--46e466b8843e67721f46e18ae09e0a314541ccb8
  Parameters: {"place"=>"world", "category"=>"all", "action"=>"list", "type"=>"popular", "controller"=>"event", "range"=>"all", "page"=>"1", "menu"=>"events"}
Rendering template within layouts/eventicus
Rendering event/list
Completed in 0.09610 (10 reqs/sec) | Rendering: 0.05760 (59%) | DB: 0.02203 (22%) | 200 OK [http://localhost/events/world/popular]


Processing EventController#list (for 127.0.0.1 at 2008-12-12 14:29:47) [GET]
  Session ID: BAh7CCIJdXNlcm86CVVzZXIMOhZAYXR0cmlidXRlc19jYWNoZXsAOhBAYXR0
cmlidXRlc3sRIgluYW1lIg5LYXJzdMOkZHQiD2xhc3RfbG9naW5JdToJVGlt
ZQ1wLRuAqYy2SgY6H0BtYXJzaGFsX3dpdGhfdXRjX2NvZXJjaW9uVCIRZGF0
ZV9jcmVhdGVkIhgyMDA3LTA0LTAzIDE4OjE5OjIxIgh1cmwiG2h0dHA6Ly93
d3cud2VibWF0emUuZGUiB2lkIgY0Ig5maXJzdG5hbWUiDE1hdGhpYXMiFW51
bWJlcl9vZl9sb2dpbnNpQSIOdGltZV96b25lIhJFdXJvcGUvQmVybGluIgps
b2dpbiINd2VibWF0emUiDXBhc3N3b3JkIi0zMzVkZGVmZjRmYmNlYWZkNDNk
ODVjZWUyOTZmNDEyMGE2YzA5M2Y4Ig9hdmF0YXJfdXJsMCIKZW1haWwiIG1h
dGhpYXMua2Fyc3RhZWR0QGdtYWlsLmNvbToYQGNoYW5nZWRfYXR0cmlidXRl
c3sHIg9sYXN0X2xvZ2luSXU7CA0qIhuAAABgwgY7CVQiFW51bWJlcl9vZl9s
b2dpbnNpQDoVQGF0dGVuZGVkX2V2ZW50czA6D0BhdHRlbmRlZXMwOgxAZXZl
bnRzMDoIQHR6dToZVFpJbmZvOjpEYXRhVGltZXpvbmUSRXVyb3BlL0Jlcmxp
biIOcmV0dXJuLXRvIhovZXZlbnRzL3dvcmxkL3BvcHVsYXIiCmZsYXNoSUM6
J0FjdGlvbkNvbnRyb2xsZXI6OkZsYXNoOjpGbGFzaEhhc2h7AAY6CkB1c2Vk
ewA=--2438af8d7ab6a1173cfe29cb465660eca10c5f8b
  Parameters: {"place"=>"world", "category"=>"all", "action"=>"list", "type"=>"upcoming", "controller"=>"event", "range"=>"all", "page"=>"1", "menu"=>"events"}
Rendering template within layouts/eventicus
Rendering event/list
Completed in 0.33032 (3 reqs/sec) | Rendering: 0.19175 (58%) | DB: 0.11081 (33%) | 200 OK [http://localhost/events]


Processing BlogController#list (for 127.0.0.1 at 2008-12-12 14:29:51) [GET]
  Session ID: BAh7CCIJdXNlcm86CVVzZXIMOhVAYXR0ZW5kZWRfZXZlbnRzMDoWQGF0dHJp
YnV0ZXNfY2FjaGV7ADoMQGV2ZW50czA6EEBhdHRyaWJ1dGVzexEiD2xhc3Rf
bG9naW5JdToJVGltZQ1wLRuAqYy2SgY6H0BtYXJzaGFsX3dpdGhfdXRjX2Nv
ZXJjaW9uVCIJbmFtZSIOS2Fyc3TDpGR0IhFkYXRlX2NyZWF0ZWQiGDIwMDct
MDQtMDMgMTg6MTk6MjEiCHVybCIbaHR0cDovL3d3dy53ZWJtYXR6ZS5kZSIO
Zmlyc3RuYW1lIgxNYXRoaWFzIgdpZCIGNCIVbnVtYmVyX29mX2xvZ2luc2lB
Ig50aW1lX3pvbmUiEkV1cm9wZS9CZXJsaW4iD2F2YXRhcl91cmwwIg1wYXNz
d29yZCItMzM1ZGRlZmY0ZmJjZWFmZDQzZDg1Y2VlMjk2ZjQxMjBhNmMwOTNm
OCIKbG9naW4iDXdlYm1hdHplIgplbWFpbCIgbWF0aGlhcy5rYXJzdGFlZHRA
Z21haWwuY29tOhhAY2hhbmdlZF9hdHRyaWJ1dGVzewciD2xhc3RfbG9naW5J
dTsKDSoiG4AAAGDCBjsLVCIVbnVtYmVyX29mX2xvZ2luc2lAOghAdHp1OhlU
WkluZm86OkRhdGFUaW1lem9uZRJFdXJvcGUvQmVybGluOg9AYXR0ZW5kZWVz
MCIOcmV0dXJuLXRvIgwvZXZlbnRzIgpmbGFzaElDOidBY3Rpb25Db250cm9s
bGVyOjpGbGFzaDo6Rmxhc2hIYXNoewAGOgpAdXNlZHsA--d78c4586ba24dcbba83caa364dca01ae3c0f0bfc
  Parameters: {"action"=>"list", "controller"=>"blog", "page"=>"1", "menu"=>"blog"}
Rendering template within layouts/blog
Rendering blog/list
Completed in 0.05308 (18 reqs/sec) | Rendering: 0.03466 (65%) | DB: 0.00607 (11%) | 200 OK [http://localhost/blogposts]


Processing EventController#list (for 127.0.0.1 at 2008-12-12 14:29:52) [GET]
  Session ID: BAh7CCIJdXNlcm86CVVzZXIMOhZAYXR0cmlidXRlc19jYWNoZXsAOhVAYXR0
ZW5kZWRfZXZlbnRzMDoQQGF0dHJpYnV0ZXN7ESIJbmFtZSIOS2Fyc3TDpGR0
Ig9sYXN0X2xvZ2luSXU6CVRpbWUNcC0bgKmMtkoGOh9AbWFyc2hhbF93aXRo
X3V0Y19jb2VyY2lvblQiEWRhdGVfY3JlYXRlZCIYMjAwNy0wNC0wMyAxODox
OToyMSIIdXJsIhtodHRwOi8vd3d3LndlYm1hdHplLmRlIgdpZCIGNCIOZmly
c3RuYW1lIgxNYXRoaWFzIhVudW1iZXJfb2ZfbG9naW5zaUEiDnRpbWVfem9u
ZSISRXVyb3BlL0JlcmxpbiIKbG9naW4iDXdlYm1hdHplIg1wYXNzd29yZCIt
MzM1ZGRlZmY0ZmJjZWFmZDQzZDg1Y2VlMjk2ZjQxMjBhNmMwOTNmOCIPYXZh
dGFyX3VybDAiCmVtYWlsIiBtYXRoaWFzLmthcnN0YWVkdEBnbWFpbC5jb206
DEBldmVudHMwOhhAY2hhbmdlZF9hdHRyaWJ1dGVzewciD2xhc3RfbG9naW5J
dTsJDSoiG4AAAGDCBjsKVCIVbnVtYmVyX29mX2xvZ2luc2lAOghAdHp1OhlU
WkluZm86OkRhdGFUaW1lem9uZRJFdXJvcGUvQmVybGluOg9AYXR0ZW5kZWVz
MCIOcmV0dXJuLXRvIgwvZXZlbnRzIgpmbGFzaElDOidBY3Rpb25Db250cm9s
bGVyOjpGbGFzaDo6Rmxhc2hIYXNoewAGOgpAdXNlZHsA--e34700ffd14b9eb3b7a8210d5fbd6dc6725c1037
  Parameters: {"place"=>"world", "category"=>"all", "action"=>"list", "type"=>"upcoming", "controller"=>"event", "range"=>"all", "page"=>"1", "menu"=>"events"}
Rendering template within layouts/eventicus
Rendering event/list
Completed in 0.17386 (5 reqs/sec) | Rendering: 0.13009 (74%) | DB: 0.02429 (13%) | 200 OK [http://localhost/events]
